16.9.2008  21:01:54: FTPFiles:Failed to connect to localhost for user dgross
16.9.2008  21:02:52: FTPFiles:Failed to connect to localhost for user dgross
18.9.2008  13:42:06: FTPFiles:Failed to connect to localhost for user dgross
25.9.2008  12:42:24: FTPFiles:Failed to connect to localhost for user dgross
25.9.2008  14:44:13: FTPFiles:Failed to connect to localhost for user dgross
1.10.2008  04:01:24: FTPFiles:Failed to connect to localhost for user dgross
1.10.2008  04:02:26: FTPFiles:Failed to connect to localhost for user dgross
1.10.2008  04:02:35: FTPFiles:Failed to connect to localhost for user dgross
1.10.2008  04:03:43: FTPFiles:Failed to connect to localhost for user dgross
6.10.2008  01:29:00: FTPFiles:Failed to connect to girlswholike.us for user girlswho
6.10.2008  01:30:16: FTPFiles:Failed to connect to girlswholike.us for user girlswho
7.10.2008  15:11:05: NewRemoteFolder:Ftp could not create a new folder called /public_html/..
7.10.2008  15:11:06: NewRemoteFolder:Ftp could not change to /public_html/../pp
7.10.2008  15:11:07: NewRemoteFolder:Ftp could not create a new folder called /public_html/..
7.10.2008  15:11:08: NewRemoteFolder:Ftp could not create a new folder called /public_html/../pp
7.10.2008  15:11:11: NewRemoteFolder:Ftp could not create a new folder called /public_html/..
7.10.2008  15:11:12: NewRemoteFolder:Ftp could not create a new folder called /public_html/../pp
7.10.2008  15:11:14: NewRemoteFolder:Ftp could not change to /public_html/../pp/includes
7.10.2008  15:11:17: NewRemoteFolder:Ftp could not create a new folder called /public_html/..
7.10.2008  15:11:19: NewRemoteFolder:Ftp could not create a new folder called /public_html/../pp
7.10.2008  15:11:20: NewRemoteFolder:Ftp could not create a new folder called /public_html/../pp/includes
7.10.2008  15:11:25: NewRemoteFolder:Ftp could not create a new folder called /public_html/..
7.10.2008  15:11:27: NewRemoteFolder:Ftp could not create a new folder called /public_html/../pp
7.10.2008  15:11:29: NewRemoteFolder:Ftp could not create a new folder called /public_html/../pp/includes
7.10.2008  15:11:34: NewRemoteFolder:Ftp could not create a new folder called /public_html/..
7.10.2008  15:11:36: NewRemoteFolder:Ftp could not create a new folder called /public_html/../pp
7.10.2008  15:11:42: NewRemoteFolder:Ftp could not create a new folder called /public_html/..
7.10.2008  15:11:45: NewRemoteFolder:Ftp could not create a new folder called /public_html/../pp
7.10.2008  15:11:51: NewRemoteFolder:Ftp could not create a new folder called /public_html/..
7.10.2008  15:11:54: NewRemoteFolder:Ftp could not create a new folder called /public_html/../pp
7.10.2008  15:12:00: NewRemoteFolder:Ftp could not change to /public_html/../pp/jquery
7.10.2008  15:12:07: NewRemoteFolder:Ftp could not create a new folder called /public_html/..
7.10.2008  15:12:11: NewRemoteFolder:Ftp could not create a new folder called /public_html/../pp
7.10.2008  15:12:14: NewRemoteFolder:Ftp could not create a new folder called /public_html/../pp/jquery
7.10.2008  15:12:22: NewRemoteFolder:Ftp could not create a new folder called /public_html/..
7.10.2008  15:12:26: NewRemoteFolder:Ftp could not create a new folder called /public_html/../pp
7.10.2008  15:12:30: NewRemoteFolder:Ftp could not create a new folder called /public_html/../pp/jquery
7.10.2008  15:12:38: NewRemoteFolder:Ftp could not create a new folder called /public_html/..
7.10.2008  15:12:43: NewRemoteFolder:Ftp could not create a new folder called /public_html/../pp
7.10.2008  15:12:51: NewRemoteFolder:Ftp could not change to /public_html/../pp/js
7.10.2008  15:13:01: NewRemoteFolder:Ftp could not create a new folder called /public_html/..
7.10.2008  15:13:06: NewRemoteFolder:Ftp could not create a new folder called /public_html/../pp
7.10.2008  15:13:11: NewRemoteFolder:Ftp could not create a new folder called /public_html/../pp/js
7.10.2008  15:13:21: NewRemoteFolder:Ftp could not create a new folder called /public_html/..
7.10.2008  15:13:27: NewRemoteFolder:Ftp could not create a new folder called /public_html/../pp
7.10.2008  15:13:27: NewRemoteFolder:Ftp could not create a new folder called /public_html/../pp/js
7.10.2008  16:16:17: FTPFiles:Failed to connect to david.local for user dgross
13.10.2008  02:15:26: FTPFiles:Failed to connect to david.local for user dgross
13.10.2008  02:18:07: FTPFiles:Failed to connect to david.local for user dgross
13.10.2008  02:18:21: FTPFiles:Failed to connect to david.local for user dgross
13.10.2008  22:57:50: FTPFiles:Failed to connect to david.local for user dgross
15.10.2008  16:26:55: FTPFiles:Failed to connect to david.local for user dgross
